error: ha ocurrido un error inesperado
error: No tiene privilegios suficientes para acceder al recurso
error: No tiene privilegios suficientes para acceder al recurso {"timestamp":"2023-05-23T15:12:28.592Z"}
error: No tiene privilegios suficientes para acceder al recurso {"timestamp":"2023-05-23T15:12:29.299Z"}
error: No tiene privilegios suficientes para acceder al recurso {"timestamp":"2023-05-23T15:12:29.468Z"}
error: No tiene privilegios suficientes para acceder al recurso {"timestamp":"2023-05-23T15:12:29.624Z"}
error: No tiene privilegios suficientes para acceder al recurso {"timestamp":"2023-05-23T15:12:29.764Z"}
error: No tiene privilegios suficientes para acceder al recurso {"timestamp":"2023-05-23T15:12:29.944Z"}
error: Error {"timestamp":"2023-05-23T15:14:31.024Z"}
error: Error {"timestamp":"2023-05-23T15:14:32.082Z"}
error: Error {"timestamp":"2023-05-23T15:14:32.255Z"}
error: Error {"timestamp":"2023-05-23T15:14:32.430Z"}
error: Error {"timestamp":"2023-05-23T15:14:32.614Z"}
error: No tiene privilegios suficientes para acceder al recurso {"detalle":"Error: No tiene privilegios suficientes para acceder al recurso\n    at Object.<anonymous> (C:\\Users\\Diego\\dev\\CoderHouse\\DesafiosBackend-main\\moduloIII\\clase 20 OWASP Documentacion\\pruebas\\09-AfterClass\\02-manejoErrores2\\errorHandler3.js:11:19)\n    at Module._compile (node:internal/modules/cjs/loader:1255:14)\n    at Module._extensions..js (node:internal/modules/cjs/loader:1309:10)\n    at Module.load (node:internal/modules/cjs/loader:1113:32)\n    at Module._load (node:internal/modules/cjs/loader:960:12)\n    at Function.executeUserEntryPoint [as runMain] (node:internal/modules/run_main:83:12)\n    at node:internal/main/run_main_module:23:47","name":"Error","status":403,"timestamp":"2023-05-23T15:15:32.229Z"}
error: No tiene privilegios suficientes para acceder al recurso {"detalle":"Error: No tiene privilegios suficientes para acceder al recurso\n    at Object.<anonymous> (C:\\Users\\Diego\\dev\\CoderHouse\\DesafiosBackend-main\\moduloIII\\clase 20 OWASP Documentacion\\pruebas\\09-AfterClass\\02-manejoErrores2\\errorHandler3.js:11:19)\n    at Module._compile (node:internal/modules/cjs/loader:1255:14)\n    at Module._extensions..js (node:internal/modules/cjs/loader:1309:10)\n    at Module.load (node:internal/modules/cjs/loader:1113:32)\n    at Module._load (node:internal/modules/cjs/loader:960:12)\n    at Function.executeUserEntryPoint [as runMain] (node:internal/modules/run_main:83:12)\n    at node:internal/main/run_main_module:23:47","name":"Error","status":403,"timestamp":"2023-05-23T15:15:33.024Z"}
error: No tiene privilegios suficientes para acceder al recurso {"detalle":"Error: No tiene privilegios suficientes para acceder al recurso\n    at Object.<anonymous> (C:\\Users\\Diego\\dev\\CoderHouse\\DesafiosBackend-main\\moduloIII\\clase 20 OWASP Documentacion\\pruebas\\09-AfterClass\\02-manejoErrores2\\errorHandler3.js:11:19)\n    at Module._compile (node:internal/modules/cjs/loader:1255:14)\n    at Module._extensions..js (node:internal/modules/cjs/loader:1309:10)\n    at Module.load (node:internal/modules/cjs/loader:1113:32)\n    at Module._load (node:internal/modules/cjs/loader:960:12)\n    at Function.executeUserEntryPoint [as runMain] (node:internal/modules/run_main:83:12)\n    at node:internal/main/run_main_module:23:47","name":"Error","status":403,"timestamp":"2023-05-23T15:15:33.209Z"}
error: No tiene privilegios suficientes para acceder al recurso {"detalle":"Error: No tiene privilegios suficientes para acceder al recurso\n    at Object.<anonymous> (C:\\Users\\Diego\\dev\\CoderHouse\\DesafiosBackend-main\\moduloIII\\clase 20 OWASP Documentacion\\pruebas\\09-AfterClass\\02-manejoErrores2\\errorHandler3.js:11:19)\n    at Module._compile (node:internal/modules/cjs/loader:1255:14)\n    at Module._extensions..js (node:internal/modules/cjs/loader:1309:10)\n    at Module.load (node:internal/modules/cjs/loader:1113:32)\n    at Module._load (node:internal/modules/cjs/loader:960:12)\n    at Function.executeUserEntryPoint [as runMain] (node:internal/modules/run_main:83:12)\n    at node:internal/main/run_main_module:23:47","name":"Error","status":403,"timestamp":"2023-05-23T15:15:33.538Z"}
error: ha ocurrido un error inesperado {"timestamp":"2023-05-23T15:17:02.956Z"}
{
  level: 'error',
  message: 'ha ocurrido un error inesperado',
  timestamp: '2023-05-23T15:17:39.897Z'
}
{
  name: 'Error',
  message: 'No tiene privilegios suficientes para acceder al recurso',
  status: 403,
  detalle: 'Error: No tiene privilegios suficientes para acceder al recurso\n' +
    '    at Object.<anonymous> (C:\\Users\\Diego\\dev\\CoderHouse\\DesafiosBackend-main\\moduloIII\\clase 20 OWASP Documentacion\\pruebas\\09-AfterClass\\02-manejoErrores2\\errorHandler3.js:11:19)\n' +
    '    at Module._compile (node:internal/modules/cjs/loader:1255:14)\n' +
    '    at Module._extensions..js (node:internal/modules/cjs/loader:1309:10)\n' +
    '    at Module.load (node:internal/modules/cjs/loader:1113:32)\n' +
    '    at Module._load (node:internal/modules/cjs/loader:960:12)\n' +
    '    at Function.executeUserEntryPoint [as runMain] (node:internal/modules/run_main:83:12)\n' +
    '    at node:internal/main/run_main_module:23:47',
  level: 'error',
  timestamp: '2023-05-23T15:17:43.721Z'
}
{
  name: 'Error',
  message: 'No tiene privilegios suficientes para acceder al recurso',
  status: 403,
  detalle: 'Error: No tiene privilegios suficientes para acceder al recurso\n' +
    '    at Object.<anonymous> (C:\\Users\\Diego\\dev\\CoderHouse\\DesafiosBackend-main\\moduloIII\\clase 20 OWASP Documentacion\\pruebas\\09-AfterClass\\02-manejoErrores2\\errorHandler3.js:11:19)\n' +
    '    at Module._compile (node:internal/modules/cjs/loader:1255:14)\n' +
    '    at Module._extensions..js (node:internal/modules/cjs/loader:1309:10)\n' +
    '    at Module.load (node:internal/modules/cjs/loader:1113:32)\n' +
    '    at Module._load (node:internal/modules/cjs/loader:960:12)\n' +
    '    at Function.executeUserEntryPoint [as runMain] (node:internal/modules/run_main:83:12)\n' +
    '    at node:internal/main/run_main_module:23:47',
  level: 'error',
  timestamp: '2023-05-23T15:19:04.892Z'
}
{
  name: 'Error',
  message: 'No tiene privilegios suficientes para acceder al recurso',
  status: 403,
  detalle: 'Error: No tiene privilegios suficientes para acceder al recurso\n' +
    '    at Object.<anonymous> (C:\\Users\\Diego\\dev\\CoderHouse\\DesafiosBackend-main\\moduloIII\\clase 20 OWASP Documentacion\\pruebas\\09-AfterClass\\02-manejoErrores2\\errorHandler3.js:11:19)\n' +
    '    at Module._compile (node:internal/modules/cjs/loader:1255:14)\n' +
    '    at Module._extensions..js (node:internal/modules/cjs/loader:1309:10)\n' +
    '    at Module.load (node:internal/modules/cjs/loader:1113:32)\n' +
    '    at Module._load (node:internal/modules/cjs/loader:960:12)\n' +
    '    at Function.executeUserEntryPoint [as runMain] (node:internal/modules/run_main:83:12)\n' +
    '    at node:internal/main/run_main_module:23:47',
  level: 'error',
  timestamp: '2023-05-23T15:19:05.629Z'
}
{
  name: 'Error',
  message: 'No tiene privilegios suficientes para acceder al recurso',
  status: 403,
  detalle: 'Error: No tiene privilegios suficientes para acceder al recurso\n' +
    '    at Object.<anonymous> (C:\\Users\\Diego\\dev\\CoderHouse\\DesafiosBackend-main\\moduloIII\\clase 20 OWASP Documentacion\\pruebas\\09-AfterClass\\02-manejoErrores2\\errorHandler3.js:11:19)\n' +
    '    at Module._compile (node:internal/modules/cjs/loader:1255:14)\n' +
    '    at Module._extensions..js (node:internal/modules/cjs/loader:1309:10)\n' +
    '    at Module.load (node:internal/modules/cjs/loader:1113:32)\n' +
    '    at Module._load (node:internal/modules/cjs/loader:960:12)\n' +
    '    at Function.executeUserEntryPoint [as runMain] (node:internal/modules/run_main:83:12)\n' +
    '    at node:internal/main/run_main_module:23:47',
  level: 'error',
  timestamp: '2023-05-23T15:19:05.810Z'
}
{
  name: 'Error',
  message: 'No tiene privilegios suficientes para acceder al recurso',
  status: 403,
  detalle: 'Error: No tiene privilegios suficientes para acceder al recurso\n' +
    '    at Object.<anonymous> (C:\\Users\\Diego\\dev\\CoderHouse\\DesafiosBackend-main\\moduloIII\\clase 20 OWASP Documentacion\\pruebas\\09-AfterClass\\02-manejoErrores2\\errorHandler3.js:11:19)\n' +
    '    at Module._compile (node:internal/modules/cjs/loader:1255:14)\n' +
    '    at Module._extensions..js (node:internal/modules/cjs/loader:1309:10)\n' +
    '    at Module.load (node:internal/modules/cjs/loader:1113:32)\n' +
    '    at Module._load (node:internal/modules/cjs/loader:960:12)\n' +
    '    at Function.executeUserEntryPoint [as runMain] (node:internal/modules/run_main:83:12)\n' +
    '    at node:internal/main/run_main_module:23:47',
  level: 'error',
  timestamp: '2023-05-23T15:19:06.006Z'
}
{
  name: 'Error',
  message: 'No tiene privilegios suficientes para acceder al recurso',
  status: 403,
  detalle: 'Error: No tiene privilegios suficientes para acceder al recurso\n' +
    '    at Object.<anonymous> (C:\\Users\\Diego\\dev\\CoderHouse\\DesafiosBackend-main\\moduloIII\\clase 20 OWASP Documentacion\\pruebas\\09-AfterClass\\02-manejoErrores2\\errorHandler3.js:11:19)\n' +
    '    at Module._compile (node:internal/modules/cjs/loader:1255:14)\n' +
    '    at Module._extensions..js (node:internal/modules/cjs/loader:1309:10)\n' +
    '    at Module.load (node:internal/modules/cjs/loader:1113:32)\n' +
    '    at Module._load (node:internal/modules/cjs/loader:960:12)\n' +
    '    at Function.executeUserEntryPoint [as runMain] (node:internal/modules/run_main:83:12)\n' +
    '    at node:internal/main/run_main_module:23:47',
  level: 'error',
  timestamp: '2023-05-23T15:19:06.180Z'
}
{
  name: 'Error',
  message: 'No tiene privilegios suficientes para acceder al recurso',
  status: 403,
  detalle: 'Error: No tiene privilegios suficientes para acceder al recurso\n' +
    '    at Object.<anonymous> (C:\\Users\\Diego\\dev\\CoderHouse\\DesafiosBackend-main\\moduloIII\\clase 20 OWASP Documentacion\\pruebas\\09-AfterClass\\02-manejoErrores2\\errorHandler3.js:11:19)\n' +
    '    at Module._compile (node:internal/modules/cjs/loader:1255:14)\n' +
    '    at Module._extensions..js (node:internal/modules/cjs/loader:1309:10)\n' +
    '    at Module.load (node:internal/modules/cjs/loader:1113:32)\n' +
    '    at Module._load (node:internal/modules/cjs/loader:960:12)\n' +
    '    at Function.executeUserEntryPoint [as runMain] (node:internal/modules/run_main:83:12)\n' +
    '    at node:internal/main/run_main_module:23:47',
  level: 'error',
  timestamp: '2023-05-23T15:19:06.360Z'
}
{
  name: 'Error',
  message: 'No tiene privilegios suficientes para acceder al recurso',
  status: 403,
  detalle: 'Error: No tiene privilegios suficientes para acceder al recurso\n' +
    '    at Object.<anonymous> (C:\\Users\\Diego\\dev\\CoderHouse\\DesafiosBackend-main\\moduloIII\\clase 20 OWASP Documentacion\\pruebas\\09-AfterClass\\02-manejoErrores2\\errorHandler3.js:11:19)\n' +
    '    at Module._compile (node:internal/modules/cjs/loader:1255:14)\n' +
    '    at Module._extensions..js (node:internal/modules/cjs/loader:1309:10)\n' +
    '    at Module.load (node:internal/modules/cjs/loader:1113:32)\n' +
    '    at Module._load (node:internal/modules/cjs/loader:960:12)\n' +
    '    at Function.executeUserEntryPoint [as runMain] (node:internal/modules/run_main:83:12)\n' +
    '    at node:internal/main/run_main_module:23:47',
  level: 'error',
  timestamp: '2023-05-23T15:19:06.557Z'
}
{
  name: 'Error',
  message: 'No tiene privilegios suficientes para acceder al recurso',
  status: 403,
  detalle: 'Error: No tiene privilegios suficientes para acceder al recurso\n' +
    '    at Object.<anonymous> (C:\\Users\\Diego\\dev\\CoderHouse\\DesafiosBackend-main\\moduloIII\\clase 20 OWASP Documentacion\\pruebas\\09-AfterClass\\02-manejoErrores2\\errorHandler3.js:11:19)\n' +
    '    at Module._compile (node:internal/modules/cjs/loader:1255:14)\n' +
    '    at Module._extensions..js (node:internal/modules/cjs/loader:1309:10)\n' +
    '    at Module.load (node:internal/modules/cjs/loader:1113:32)\n' +
    '    at Module._load (node:internal/modules/cjs/loader:960:12)\n' +
    '    at Function.executeUserEntryPoint [as runMain] (node:internal/modules/run_main:83:12)\n' +
    '    at node:internal/main/run_main_module:23:47',
  level: 'error',
  timestamp: '2023-05-23T15:19:06.745Z'
}
