{
  message: 'Error: No autorizado\n' +
    '    at Object.<anonymous> (C:\\Users\\Diego\\dev\\CoderHouse\\DesafiosBackend-main\\moduloIII\\clase 20 OWASP Documentacion\\pruebas\\09-AfterClass\\02-manejoErrores2\\errorHandler2.js:28:17)\n' +
    '    at Module._compile (node:internal/modules/cjs/loader:1255:14)\n' +
    '    at Module._extensions..js (node:internal/modules/cjs/loader:1309:10)\n' +
    '    at Module.load (node:internal/modules/cjs/loader:1113:32)\n' +
    '    at Module._load (node:internal/modules/cjs/loader:960:12)\n' +
    '    at Function.executeUserEntryPoint [as runMain] (node:internal/modules/run_main:83:12)\n' +
    '    at node:internal/main/run_main_module:23:47',
  level: 'error',
  timestamp: '2023-05-23T14:42:21.062Z'
}
{
  message: 'Error: No autorizado\n' +
    '    at Object.<anonymous> (C:\\Users\\Diego\\dev\\CoderHouse\\DesafiosBackend-main\\moduloIII\\clase 20 OWASP Documentacion\\pruebas\\09-AfterClass\\02-manejoErrores2\\errorHandler2.js:36:17)\n' +
    '    at Module._compile (node:internal/modules/cjs/loader:1255:14)\n' +
    '    at Module._extensions..js (node:internal/modules/cjs/loader:1309:10)\n' +
    '    at Module.load (node:internal/modules/cjs/loader:1113:32)\n' +
    '    at Module._load (node:internal/modules/cjs/loader:960:12)\n' +
    '    at Function.executeUserEntryPoint [as runMain] (node:internal/modules/run_main:83:12)\n' +
    '    at node:internal/main/run_main_module:23:47',
  level: 'error',
  timestamp: '2023-05-23T14:43:56.018Z'
}
{
  message: 'Error: No autorizado\n' +
    '    at Object.<anonymous> (C:\\Users\\Diego\\dev\\CoderHouse\\DesafiosBackend-main\\moduloIII\\clase 20 OWASP Documentacion\\pruebas\\09-AfterClass\\02-manejoErrores2\\errorHandler2.js:36:17)\n' +
    '    at Module._compile (node:internal/modules/cjs/loader:1255:14)\n' +
    '    at Module._extensions..js (node:internal/modules/cjs/loader:1309:10)\n' +
    '    at Module.load (node:internal/modules/cjs/loader:1113:32)\n' +
    '    at Module._load (node:internal/modules/cjs/loader:960:12)\n' +
    '    at Function.executeUserEntryPoint [as runMain] (node:internal/modules/run_main:83:12)\n' +
    '    at node:internal/main/run_main_module:23:47',
  level: 'error',
  timestamp: '2023-05-23T14:44:28.577Z'
}
